DEBUG:root:This message should go to the log file
INFO:root:So should this
WARNING:root:And this, too
WARNING:root:Watch out!
INFO:root:I told you so
DEBUG:root:This message should go to the log file
INFO:root:So should this
WARNING:root:And this, too
WARNING:root:Watch out!
INFO:root:I told you so
04/12/2017 12:08:41 PM This message should go to the log file
04/12/2017 12:08:41 PM So should this
04/12/2017 12:08:41 PM And this, too
04/12/2017 12:10:02 This message should go to the log file
04/12/2017 12:10:02 So should this
04/12/2017 12:10:02 And this, too
2017-04-04/12/17 12:10:50 This message should go to the log file
2017-04-04/12/17 12:10:50 So should this
2017-04-04/12/17 12:10:50 And this, too
2017-04-12 12:11:07 This message should go to the log file
2017-04-12 12:11:07 So should this
2017-04-12 12:11:07 And this, too
2017-04-12 12:11:24 This message should go to the log file
2017-04-12 12:11:24 So should this
2017-04-12 12:11:24 And this, too
2017-04-12T12:11:43 This message should go to the log file
2017-04-12T12:11:43 So should this
2017-04-12T12:11:43 And this, too
[2017-04-12T12:11:57] This message should go to the log file
[2017-04-12T12:11:57] So should this
[2017-04-12T12:11:57] And this, too
[2017-04-12T12:12:59] This message should go to the log file
[2017-04-12T12:12:59] So should this
[2017-04-12T12:12:59] And this, too
[2017-04-12T12:14:59] This message should go to the log file
[2017-04-12T12:14:59] So should this
[2017-04-12T12:14:59] And this, too
[2017-04-12T12:14:59] debug message
[2017-04-12T12:14:59] info message
[2017-04-12T12:14:59] warn message
[2017-04-12T12:14:59] error message
[2017-04-12T12:14:59] critical message
[2017-04-12T12:15:09] This message should go to the log file
[2017-04-12T12:15:09] So should this
[2017-04-12T12:15:09] And this, too
[2017-04-12T12:15:09] debug message
[2017-04-12T12:15:09] info message
[2017-04-12T12:15:09] warn message
[2017-04-12T12:15:09] error message
[2017-04-12T12:15:09] critical message
[2017-04-12T12:16:00] This message should go to the log file DEBUG
[2017-04-12T12:16:00] So should this INFO
[2017-04-12T12:16:00] And this, too WARNING
[2017-04-12T12:16:00] debug message DEBUG
[2017-04-12T12:16:00] info message INFO
[2017-04-12T12:16:00] warn message WARNING
[2017-04-12T12:16:00] error message ERROR
[2017-04-12T12:16:00] critical message CRITICAL
[2017-04-12T12:16:34](DEBUGThis message should go to the log file)
[2017-04-12T12:16:34](INFOSo should this)
[2017-04-12T12:16:34](WARNINGAnd this, too)
[2017-04-12T12:16:34](DEBUGdebug message)
[2017-04-12T12:16:34](INFOinfo message)
[2017-04-12T12:16:34](WARNINGwarn message)
[2017-04-12T12:16:34](ERRORerror message)
[2017-04-12T12:16:34](CRITICALcritical message)
[2017-04-12T12:16:43](DEBUG - This message should go to the log file)
[2017-04-12T12:16:43](INFO - So should this)
[2017-04-12T12:16:43](WARNING - And this, too)
[2017-04-12T12:16:43](DEBUG - debug message)
[2017-04-12T12:16:43](INFO - info message)
[2017-04-12T12:16:43](WARNING - warn message)
[2017-04-12T12:16:43](ERROR - error message)
[2017-04-12T12:16:43](CRITICAL - critical message)
[2017-04-12T12:17:01](DEBUG) This message should go to the log file
[2017-04-12T12:17:01](INFO) So should this
[2017-04-12T12:17:01](WARNING) And this, too
[2017-04-12T12:17:01](DEBUG) debug message
[2017-04-12T12:17:01](INFO) info message
[2017-04-12T12:17:01](WARNING) warn message
[2017-04-12T12:17:01](ERROR) error message
[2017-04-12T12:17:01](CRITICAL) critical message
[2017-04-12T12:17:10](DEBUG) This message should go to the log file
[2017-04-12T12:17:10](INFO) So should this
[2017-04-12T12:17:10](WARNING) And this, too
[2017-04-12T12:17:10](DEBUG) debug message
[2017-04-12T12:17:10](INFO) info message
[2017-04-12T12:17:10](WARNING) warn message
[2017-04-12T12:17:10](ERROR) error message
[2017-04-12T12:17:10](CRITICAL) critical message
[2017-04-12T12:17:35](DEBUG) This message should go to the log file
[2017-04-12T12:17:35](INFO) So should this
[2017-04-12T12:17:35](WARNING) And this, too
[2017-04-12T12:19:42](DEBUG) This message should go to the log file
[2017-04-12T12:19:42](INFO) So should this
[2017-04-12T12:19:42](WARNING) And this, too
[2017-04-12T12:34:06](DEBUG) Debug
[2017-04-12T12:34:37](CRITICAL) Critical
[2017-04-12T12:34:37](ERROR) Error
[2017-04-12T12:34:37](WARNING) Warning
[2017-04-12T12:34:37](INFO) Info
[2017-04-12T12:34:37](DEBUG) Debug
[2017-04-12T12:35:01](CRITICAL) Critical
[2017-04-12T12:35:01](ERROR) Error
[2017-04-12T12:35:01](WARNING) Warning
[2017-04-12T12:35:01](INFO) Info
[2017-04-12T12:35:24](CRITICAL) Critical
[2017-04-12T12:35:24](ERROR) Error
[2017-04-12T12:35:24](WARNING) Warning
[2017-04-12T12:35:31](CRITICAL) Critical
[2017-04-12T12:35:31](ERROR) Error
[2017-04-12T12:35:31](WARNING) Warning
[2017-04-12T12:35:48](CRITICAL) Critical
[2017-04-12T12:35:48](ERROR) Error
[2017-04-12T12:35:48](WARNING) Warning
[2017-04-12T12:35:48](INFO) Info
[2017-04-12T12:35:48](DEBUG) Debug
[2017-04-12T12:38:12](CRITICAL) Critical
[2017-04-12T12:38:12](ERROR) Error
[2017-04-12T12:38:12](WARNING) Warning
[2017-04-12T12:38:12](INFO) Info
[2017-04-12T12:38:12](DEBUG) Debug
[2017-04-12T12:38:53](CRITICAL) Critical
[2017-04-12T12:38:53](ERROR) Error
[2017-04-12T12:38:53](WARNING) Warning
[2017-04-12T12:38:53](INFO) Info
[2017-04-12T12:38:53](DEBUG) Debug
[2017-04-12T12:40:06](CRITICAL) Critical
[2017-04-12T12:40:06](ERROR) Error
[2017-04-12T12:40:06](WARNING) Warning
[2017-04-12T12:40:06](INFO) Logging started.
[2017-04-12T12:40:06](DEBUG) Debug
[2017-04-12T12:43:39](CRITICAL) Critical
[2017-04-12T12:43:39](ERROR) Error
[2017-04-12T12:43:39](WARNING) Warning
[2017-04-12T12:43:39](INFO) Logging started.
[2017-04-12T12:43:39](DEBUG) Debug
[2017-04-12T12:43:43](CRITICAL) Critical
[2017-04-12T12:43:43](ERROR) Error
[2017-04-12T12:43:43](WARNING) Warning
[2017-04-12T12:43:43](INFO) Logging started.
[2017-04-12T12:43:43](DEBUG) Debug
[2017-04-12T12:48:17](INFO) Logging started.
[2017-04-12T12:48:17](INFO) do something function started with message My Lyb was called..
[2017-04-12T12:48:31](INFO) Logging started.
[2017-04-12T12:48:31](INFO) do something function started with message My Lyb was called.
[2017-04-12T12:50:38](INFO) Logging started.
[2017-04-12T12:50:38](INFO) do something function started with message My Lyb was called.
[2017-04-12T13:00:24](INFO) Logging started.
[2017-04-12T13:00:24](INFO) do something function started with message My Lyb was called.
[2017-04-12T13:10:08](INFO) test
[2017-04-12T13:11:31](INFO) test
[2017-04-12T13:16:17](INFO) test
[2017-04-12T13:16:24](INFO) test
[2017-04-12T13:17:41](WARNING) test
[2017-04-12T13:18:30](ERROR) test
[2017-04-12T13:19:19](ERROR) test
[2017-04-12T13:19:34](CRITICAL) test
[2017-04-12T13:21:30](CRITICAL) Error!
[2017-04-12T13:24:45](INFO) Countdown started.
[2017-04-12T13:24:45](DEBUG) 0
[2017-04-12T13:24:45](DEBUG) 1
[2017-04-12T13:24:45](DEBUG) 2
[2017-04-12T13:24:45](DEBUG) 3
[2017-04-12T13:24:45](DEBUG) 4
[2017-04-12T13:24:45](DEBUG) 5
[2017-04-12T13:24:45](DEBUG) 6
[2017-04-12T13:24:45](DEBUG) 7
[2017-04-12T13:24:45](DEBUG) 8
[2017-04-12T13:24:45](DEBUG) 9
[2017-04-12T13:24:45](INFO) Countdown stopped!
[2017-04-12T13:25:20](INFO) Countdown started.
[2017-04-12T13:25:20](DEBUG) 0
[2017-04-12T13:25:21](DEBUG) 1
[2017-04-12T13:25:22](DEBUG) 2
[2017-04-12T13:25:23](DEBUG) 3
[2017-04-12T13:25:24](DEBUG) 4
[2017-04-12T13:25:25](DEBUG) 5
[2017-04-12T13:25:26](DEBUG) 6
[2017-04-12T13:25:27](DEBUG) 7
[2017-04-12T13:25:28](DEBUG) 8
[2017-04-12T13:25:29](DEBUG) 9
[2017-04-12T13:25:30](INFO) Countdown stopped!
[2017-04-12T13:36:55](INFO) Countdown started.
[2017-04-12T13:36:55](DEBUG) 0
[2017-04-12T13:36:56](DEBUG) 1
[2017-04-12T13:36:57](DEBUG) 2
[2017-04-12T13:36:58](DEBUG) 3
[2017-04-12T13:36:59](DEBUG) 4
[2017-04-12T13:37:00](DEBUG) 5
[2017-04-12T13:37:01](DEBUG) 6
[2017-04-12T13:37:02](DEBUG) 7
[2017-04-12T13:37:03](DEBUG) 8
[2017-04-12T13:37:04](DEBUG) 9
[2017-04-12T13:37:05](INFO) Countdown stopped!
[2017-04-12T13:37:12](INFO) Countdown started.
[2017-04-12T13:37:12](DEBUG) 0
[2017-04-12T13:37:13](DEBUG) 1
[2017-04-12T13:37:14](DEBUG) 2
[2017-04-12T13:37:15](DEBUG) 3
[2017-04-12T13:37:16](DEBUG) 4
[2017-04-12T13:41:17](INFO) Countdown started.
[2017-04-12T13:41:17](DEBUG) 0
[2017-04-12T13:41:18](DEBUG) 1
[2017-04-12T13:41:19](DEBUG) 2
[2017-04-12T13:41:20](DEBUG) 3
[2017-04-12T13:41:21](DEBUG) 4
[2017-04-12T13:41:22](DEBUG) 5
[2017-04-12T13:41:23](DEBUG) 6
[2017-04-12T13:41:24](DEBUG) 7
[2017-04-12T13:41:25](DEBUG) 8
[2017-04-12T13:41:26](DEBUG) 9
[2017-04-12T13:41:27](INFO) Countdown stopped!
[2017-04-12T13:42:45](INFO) Countdown started.
[2017-04-12T13:42:45](DEBUG) 0
[2017-04-12T13:42:46](DEBUG) 1
[2017-04-12T13:42:47](DEBUG) 2
[2017-04-12T13:42:48](DEBUG) 3
[2017-04-12T13:42:49](DEBUG) 4
[2017-04-12T13:44:25](INFO) Countdown started.
[2017-04-12T13:44:25](DEBUG) 0
[2017-04-12T13:44:26](DEBUG) 1
[2017-04-12T13:44:27](DEBUG) 2
[2017-04-12T13:44:31](INFO) Countdown started.
[2017-04-12T13:44:31](DEBUG) 0
[2017-04-12T13:44:32](DEBUG) 1
[2017-04-12T13:44:33](DEBUG) 2
[2017-04-12T13:44:34](DEBUG) 3
[2017-04-12T13:44:35](DEBUG) 4
[2017-04-12T13:44:36](DEBUG) 5
[2017-04-12T13:44:37](DEBUG) 6
[2017-04-12T13:44:38](DEBUG) 7
[2017-04-12T13:44:39](DEBUG) 8
[2017-04-12T13:44:40](DEBUG) 9
[2017-04-12T13:45:05](INFO) Countdown started.
[2017-04-12T13:45:05](DEBUG) 0
[2017-04-12T13:45:06](DEBUG) 1
[2017-04-12T13:45:07](DEBUG) 2
[2017-04-12T13:45:08](DEBUG) 3
[2017-04-12T13:45:09](DEBUG) 4
[2017-04-12T13:45:10](DEBUG) 5
[2017-04-12T13:45:11](DEBUG) 6
[2017-04-12T13:45:12](DEBUG) 7
[2017-04-12T13:45:13](DEBUG) 8
[2017-04-12T13:45:14](DEBUG) 9
[2017-04-12T13:45:15](INFO) Countdown stopped!
[2017-04-12T13:47:22](INFO) Countdown started.
[2017-04-12T13:47:22](DEBUG) 0
[2017-04-12T13:47:23](DEBUG) 1
[2017-04-12T13:47:24](DEBUG) 2
[2017-04-12T13:47:25](DEBUG) 3
[2017-04-12T13:47:26](DEBUG) 4
[2017-04-12T13:47:27](DEBUG) 5
[2017-04-12T13:47:28](DEBUG) 6
[2017-04-12T13:47:29](DEBUG) 7
[2017-04-12T13:47:30](DEBUG) 8
[2017-04-12T13:47:31](DEBUG) 9
[2017-04-12T13:47:32](INFO) Countdown stopped!
[2017-04-12T13:49:50](INFO) Countdown started.
[2017-04-12T13:49:50](DEBUG) 0
[2017-04-12T13:49:51](DEBUG) 1
[2017-04-12T13:49:52](DEBUG) 2
[2017-04-12T13:49:53](DEBUG) 3
[2017-04-12T13:49:54](DEBUG) 4
[2017-04-12T13:49:55](DEBUG) 5
[2017-04-12T13:49:56](DEBUG) 6
[2017-04-12T13:49:57](DEBUG) 7
[2017-04-12T13:49:58](DEBUG) 8
[2017-04-12T13:49:59](DEBUG) 9
[2017-04-12T13:50:00](INFO) Countdown stopped!
